2018-08-29T21:35:55+00:00 CRITICAL Uncaught Error: Call to undefined function is_prooduct_category() in C:\OSPanel\domains\beauty-shop\wp-content\themes\your-clean-template-3\functions.php:299
Stack trace:
#0 C:\OSPanel\domains\beauty-shop\wp-includes\class-wp-hook.php(286): my_template('C:\\OSPanel\\doma...')
#1 C:\OSPanel\domains\beauty-shop\wp-includes\plugin.php(203): WP_Hook->apply_filters('C:\\OSPanel\\doma...', Array)
#2 C:\OSPanel\domains\beauty-shop\wp-includes\template-loader.php(73): apply_filters('template_includ...', 'C:\\OSPanel\\doma...')
#3 C:\OSPanel\domains\beauty-shop\wp-blog-header.php(19): require_once('C:\\OSPanel\\doma...')
#4 C:\OSPanel\domains\beauty-shop\index.php(17): require('C:\\OSPanel\\doma...')
#5 {main}
  thrown

2018-08-29T21:37:25+00:00 CRITICAL Uncaught Error: Call to undefined function is_prooduct_category() in C:\OSPanel\domains\beauty-shop\wp-content\themes\your-clean-template-3\functions.php:299
Stack trace:
#0 C:\OSPanel\domains\beauty-shop\wp-includes\class-wp-hook.php(286): my_template('C:\\OSPanel\\doma...')
#1 C:\OSPanel\domains\beauty-shop\wp-includes\plugin.php(203): WP_Hook->apply_filters('C:\\OSPanel\\doma...', Array)
#2 C:\OSPanel\domains\beauty-shop\wp-includes\template-loader.php(73): apply_filters('template_includ...', 'C:\\OSPanel\\doma...')
#3 C:\OSPanel\domains\beauty-shop\wp-blog-header.php(19): require_once('C:\\OSPanel\\doma...')
#4 C:\OSPanel\domains\beauty-shop\index.php(17): require('C:\\OSPanel\\doma...')
#5 {main}
  thrown

2018-08-29T21:37:53+00:00 CRITICAL Uncaught Error: Call to undefined function is_prooduct_category() in C:\OSPanel\domains\beauty-shop\wp-content\themes\your-clean-template-3\functions.php:300
Stack trace:
#0 C:\OSPanel\domains\beauty-shop\wp-includes\class-wp-hook.php(286): my_template('C:\\OSPanel\\doma...')
#1 C:\OSPanel\domains\beauty-shop\wp-includes\plugin.php(203): WP_Hook->apply_filters('C:\\OSPanel\\doma...', Array)
#2 C:\OSPanel\domains\beauty-shop\wp-includes\template-loader.php(73): apply_filters('template_includ...', 'C:\\OSPanel\\doma...')
#3 C:\OSPanel\domains\beauty-shop\wp-blog-header.php(19): require_once('C:\\OSPanel\\doma...')
#4 C:\OSPanel\domains\beauty-shop\index.php(17): require('C:\\OSPanel\\doma...')
#5 {main}
  thrown

2018-08-29T21:38:01+00:00 CRITICAL Uncaught Error: Call to undefined function is_prooduct_category() in C:\OSPanel\domains\beauty-shop\wp-content\themes\your-clean-template-3\functions.php:300
Stack trace:
#0 C:\OSPanel\domains\beauty-shop\wp-includes\class-wp-hook.php(286): my_template('C:\\OSPanel\\doma...')
#1 C:\OSPanel\domains\beauty-shop\wp-includes\plugin.php(203): WP_Hook->apply_filters('C:\\OSPanel\\doma...', Array)
#2 C:\OSPanel\domains\beauty-shop\wp-includes\template-loader.php(73): apply_filters('template_includ...', 'C:\\OSPanel\\doma...')
#3 C:\OSPanel\domains\beauty-shop\wp-blog-header.php(19): require_once('C:\\OSPanel\\doma...')
#4 C:\OSPanel\domains\beauty-shop\index.php(17): require('C:\\OSPanel\\doma...')
#5 {main}
  thrown

2018-08-29T21:39:14+00:00 CRITICAL Uncaught Error: Call to undefined function is_prooduct_category() in C:\OSPanel\domains\beauty-shop\wp-content\themes\your-clean-template-3\functions.php:300
Stack trace:
#0 C:\OSPanel\domains\beauty-shop\wp-includes\class-wp-hook.php(286): my_template('C:\\OSPanel\\doma...')
#1 C:\OSPanel\domains\beauty-shop\wp-includes\plugin.php(203): WP_Hook->apply_filters('C:\\OSPanel\\doma...', Array)
#2 C:\OSPanel\domains\beauty-shop\wp-includes\template-loader.php(73): apply_filters('template_includ...', 'C:\\OSPanel\\doma...')
#3 C:\OSPanel\domains\beauty-shop\wp-blog-header.php(19): require_once('C:\\OSPanel\\doma...')
#4 C:\OSPanel\domains\beauty-shop\index.php(17): require('C:\\OSPanel\\doma...')
#5 {main}
  thrown

