2018-08-30T14:04:49+00:00 CRITICAL Uncaught Error: Call to undefined method WP_Post::get_sku() in C:\OSPanel\domains\beauty-shop\wp-content\themes\your-clean-template-3\header.php:149
Stack trace:
#0 C:\OSPanel\domains\beauty-shop\wp-includes\template.php(688): require_once()
#1 C:\OSPanel\domains\beauty-shop\wp-includes\template.php(647): load_template('C:\\OSPanel\\doma...', true)
#2 C:\OSPanel\domains\beauty-shop\wp-includes\general-template.php(41): locate_template(Array, true)
#3 C:\OSPanel\domains\beauty-shop\wp-content\themes\your-clean-template-3\single.php(6): get_header()
#4 C:\OSPanel\domains\beauty-shop\wp-includes\template-loader.php(74): include('C:\\OSPanel\\doma...')
#5 C:\OSPanel\domains\beauty-shop\wp-blog-header.php(19): require_once('C:\\OSPanel\\doma...')
#6 C:\OSPanel\domains\beauty-shop\index.php(17): require('C:\\OSPanel\\doma...')
#7 {main}
  thrown

2018-08-30T14:04:52+00:00 CRITICAL Uncaught Error: Call to undefined method WP_Post::get_sku() in C:\OSPanel\domains\beauty-shop\wp-content\themes\your-clean-template-3\header.php:149
Stack trace:
#0 C:\OSPanel\domains\beauty-shop\wp-includes\template.php(688): require_once()
#1 C:\OSPanel\domains\beauty-shop\wp-includes\template.php(647): load_template('C:\\OSPanel\\doma...', true)
#2 C:\OSPanel\domains\beauty-shop\wp-includes\general-template.php(41): locate_template(Array, true)
#3 C:\OSPanel\domains\beauty-shop\wp-content\themes\your-clean-template-3\404.php(7): get_header()
#4 C:\OSPanel\domains\beauty-shop\wp-includes\template-loader.php(74): include('C:\\OSPanel\\doma...')
#5 C:\OSPanel\domains\beauty-shop\wp-blog-header.php(19): require_once('C:\\OSPanel\\doma...')
#6 C:\OSPanel\domains\beauty-shop\index.php(17): require('C:\\OSPanel\\doma...')
#7 {main}
  thrown

2018-08-30T14:04:52+00:00 CRITICAL Uncaught Error: Call to undefined method WP_Post::get_sku() in C:\OSPanel\domains\beauty-shop\wp-content\themes\your-clean-template-3\header.php:149
Stack trace:
#0 C:\OSPanel\domains\beauty-shop\wp-includes\template.php(688): require_once()
#1 C:\OSPanel\domains\beauty-shop\wp-includes\template.php(647): load_template('C:\\OSPanel\\doma...', true)
#2 C:\OSPanel\domains\beauty-shop\wp-includes\general-template.php(41): locate_template(Array, true)
#3 C:\OSPanel\domains\beauty-shop\wp-content\themes\your-clean-template-3\404.php(7): get_header()
#4 C:\OSPanel\domains\beauty-shop\wp-includes\template-loader.php(74): include('C:\\OSPanel\\doma...')
#5 C:\OSPanel\domains\beauty-shop\wp-blog-header.php(19): require_once('C:\\OSPanel\\doma...')
#6 C:\OSPanel\domains\beauty-shop\index.php(17): require('C:\\OSPanel\\doma...')
#7 {main}
  thrown

2018-08-30T14:05:02+00:00 CRITICAL Uncaught Error: Call to undefined method WP_Post::get_sku() in C:\OSPanel\domains\beauty-shop\wp-content\themes\your-clean-template-3\header.php:149
Stack trace:
#0 C:\OSPanel\domains\beauty-shop\wp-includes\template.php(688): require_once()
#1 C:\OSPanel\domains\beauty-shop\wp-includes\template.php(647): load_template('C:\\OSPanel\\doma...', true)
#2 C:\OSPanel\domains\beauty-shop\wp-includes\general-template.php(41): locate_template(Array, true)
#3 C:\OSPanel\domains\beauty-shop\wp-content\themes\your-clean-template-3\single.php(6): get_header()
#4 C:\OSPanel\domains\beauty-shop\wp-includes\template-loader.php(74): include('C:\\OSPanel\\doma...')
#5 C:\OSPanel\domains\beauty-shop\wp-blog-header.php(19): require_once('C:\\OSPanel\\doma...')
#6 C:\OSPanel\domains\beauty-shop\index.php(17): require('C:\\OSPanel\\doma...')
#7 {main}
  thrown

2018-08-30T14:05:06+00:00 CRITICAL Uncaught Error: Call to undefined method WP_Post::get_sku() in C:\OSPanel\domains\beauty-shop\wp-content\themes\your-clean-template-3\header.php:149
Stack trace:
#0 C:\OSPanel\domains\beauty-shop\wp-includes\template.php(688): require_once()
#1 C:\OSPanel\domains\beauty-shop\wp-includes\template.php(647): load_template('C:\\OSPanel\\doma...', true)
#2 C:\OSPanel\domains\beauty-shop\wp-includes\general-template.php(41): locate_template(Array, true)
#3 C:\OSPanel\domains\beauty-shop\wp-content\themes\your-clean-template-3\404.php(7): get_header()
#4 C:\OSPanel\domains\beauty-shop\wp-includes\template-loader.php(74): include('C:\\OSPanel\\doma...')
#5 C:\OSPanel\domains\beauty-shop\wp-blog-header.php(19): require_once('C:\\OSPanel\\doma...')
#6 C:\OSPanel\domains\beauty-shop\index.php(17): require('C:\\OSPanel\\doma...')
#7 {main}
  thrown

2018-08-30T14:05:06+00:00 CRITICAL Uncaught Error: Call to undefined method WP_Post::get_sku() in C:\OSPanel\domains\beauty-shop\wp-content\themes\your-clean-template-3\header.php:149
Stack trace:
#0 C:\OSPanel\domains\beauty-shop\wp-includes\template.php(688): require_once()
#1 C:\OSPanel\domains\beauty-shop\wp-includes\template.php(647): load_template('C:\\OSPanel\\doma...', true)
#2 C:\OSPanel\domains\beauty-shop\wp-includes\general-template.php(41): locate_template(Array, true)
#3 C:\OSPanel\domains\beauty-shop\wp-content\themes\your-clean-template-3\404.php(7): get_header()
#4 C:\OSPanel\domains\beauty-shop\wp-includes\template-loader.php(74): include('C:\\OSPanel\\doma...')
#5 C:\OSPanel\domains\beauty-shop\wp-blog-header.php(19): require_once('C:\\OSPanel\\doma...')
#6 C:\OSPanel\domains\beauty-shop\index.php(17): require('C:\\OSPanel\\doma...')
#7 {main}
  thrown

2018-08-30T14:05:22+00:00 CRITICAL Uncaught Error: Call to undefined method WP_Post::get_sku() in C:\OSPanel\domains\beauty-shop\wp-content\themes\your-clean-template-3\header.php:149
Stack trace:
#0 C:\OSPanel\domains\beauty-shop\wp-includes\template.php(688): require_once()
#1 C:\OSPanel\domains\beauty-shop\wp-includes\template.php(647): load_template('C:\\OSPanel\\doma...', true)
#2 C:\OSPanel\domains\beauty-shop\wp-includes\general-template.php(41): locate_template(Array, true)
#3 C:\OSPanel\domains\beauty-shop\wp-content\themes\your-clean-template-3\single.php(6): get_header()
#4 C:\OSPanel\domains\beauty-shop\wp-includes\template-loader.php(74): include('C:\\OSPanel\\doma...')
#5 C:\OSPanel\domains\beauty-shop\wp-blog-header.php(19): require_once('C:\\OSPanel\\doma...')
#6 C:\OSPanel\domains\beauty-shop\index.php(17): require('C:\\OSPanel\\doma...')
#7 {main}
  thrown

2018-08-30T14:05:31+00:00 CRITICAL Uncaught Error: Call to undefined method WP_Post::get_sku() in C:\OSPanel\domains\beauty-shop\wp-content\themes\your-clean-template-3\header.php:149
Stack trace:
#0 C:\OSPanel\domains\beauty-shop\wp-includes\template.php(688): require_once()
#1 C:\OSPanel\domains\beauty-shop\wp-includes\template.php(647): load_template('C:\\OSPanel\\doma...', true)
#2 C:\OSPanel\domains\beauty-shop\wp-includes\general-template.php(41): locate_template(Array, true)
#3 C:\OSPanel\domains\beauty-shop\wp-content\themes\your-clean-template-3\page.php(7): get_header()
#4 C:\OSPanel\domains\beauty-shop\wp-includes\template-loader.php(74): include('C:\\OSPanel\\doma...')
#5 C:\OSPanel\domains\beauty-shop\wp-blog-header.php(19): require_once('C:\\OSPanel\\doma...')
#6 C:\OSPanel\domains\beauty-shop\index.php(17): require('C:\\OSPanel\\doma...')
#7 {main}
  thrown

2018-08-30T14:09:03+00:00 CRITICAL Uncaught Error: Call to undefined method WP_Post::get_sku() in C:\OSPanel\domains\beauty-shop\wp-content\themes\your-clean-template-3\header.php:149
Stack trace:
#0 C:\OSPanel\domains\beauty-shop\wp-includes\template.php(688): require_once()
#1 C:\OSPanel\domains\beauty-shop\wp-includes\template.php(647): load_template('C:\\OSPanel\\doma...', true)
#2 C:\OSPanel\domains\beauty-shop\wp-includes\general-template.php(41): locate_template(Array, true)
#3 C:\OSPanel\domains\beauty-shop\wp-content\themes\your-clean-template-3\tpl_main_page.php(6): get_header()
#4 C:\OSPanel\domains\beauty-shop\wp-includes\template-loader.php(74): include('C:\\OSPanel\\doma...')
#5 C:\OSPanel\domains\beauty-shop\wp-blog-header.php(19): require_once('C:\\OSPanel\\doma...')
#6 C:\OSPanel\domains\beauty-shop\index.php(17): require('C:\\OSPanel\\doma...')
#7 {main}
  thrown

2018-08-30T14:09:11+00:00 CRITICAL Uncaught Error: Call to undefined method WP_Post::get_sku() in C:\OSPanel\domains\beauty-shop\wp-content\themes\your-clean-template-3\header.php:149
Stack trace:
#0 C:\OSPanel\domains\beauty-shop\wp-includes\template.php(688): require_once()
#1 C:\OSPanel\domains\beauty-shop\wp-includes\template.php(647): load_template('C:\\OSPanel\\doma...', true)
#2 C:\OSPanel\domains\beauty-shop\wp-includes\general-template.php(41): locate_template(Array, true)
#3 C:\OSPanel\domains\beauty-shop\wp-content\themes\your-clean-template-3\page.php(7): get_header()
#4 C:\OSPanel\domains\beauty-shop\wp-includes\template-loader.php(74): include('C:\\OSPanel\\doma...')
#5 C:\OSPanel\domains\beauty-shop\wp-blog-header.php(19): require_once('C:\\OSPanel\\doma...')
#6 C:\OSPanel\domains\beauty-shop\index.php(17): require('C:\\OSPanel\\doma...')
#7 {main}
  thrown

2018-08-30T14:09:38+00:00 CRITICAL Uncaught Error: Call to undefined method WP_Post::get_sku() in C:\OSPanel\domains\beauty-shop\wp-content\themes\your-clean-template-3\header.php:149
Stack trace:
#0 C:\OSPanel\domains\beauty-shop\wp-includes\template.php(688): require_once()
#1 C:\OSPanel\domains\beauty-shop\wp-includes\template.php(647): load_template('C:\\OSPanel\\doma...', true)
#2 C:\OSPanel\domains\beauty-shop\wp-includes\general-template.php(41): locate_template(Array, true)
#3 C:\OSPanel\domains\beauty-shop\wp-content\themes\your-clean-template-3\page.php(7): get_header()
#4 C:\OSPanel\domains\beauty-shop\wp-includes\template-loader.php(74): include('C:\\OSPanel\\doma...')
#5 C:\OSPanel\domains\beauty-shop\wp-blog-header.php(19): require_once('C:\\OSPanel\\doma...')
#6 C:\OSPanel\domains\beauty-shop\index.php(17): require('C:\\OSPanel\\doma...')
#7 {main}
  thrown

2018-08-30T14:09:57+00:00 CRITICAL Uncaught Error: Call to undefined method WP_Post::get_sku() in C:\OSPanel\domains\beauty-shop\wp-content\themes\your-clean-template-3\header.php:149
Stack trace:
#0 C:\OSPanel\domains\beauty-shop\wp-includes\template.php(688): require_once()
#1 C:\OSPanel\domains\beauty-shop\wp-includes\template.php(647): load_template('C:\\OSPanel\\doma...', true)
#2 C:\OSPanel\domains\beauty-shop\wp-includes\general-template.php(41): locate_template(Array, true)
#3 C:\OSPanel\domains\beauty-shop\wp-content\themes\your-clean-template-3\404.php(7): get_header()
#4 C:\OSPanel\domains\beauty-shop\wp-includes\template-loader.php(74): include('C:\\OSPanel\\doma...')
#5 C:\OSPanel\domains\beauty-shop\wp-blog-header.php(19): require_once('C:\\OSPanel\\doma...')
#6 C:\OSPanel\domains\beauty-shop\index.php(17): require('C:\\OSPanel\\doma...')
#7 {main}
  thrown

2018-08-30T14:09:57+00:00 CRITICAL Uncaught Error: Call to undefined method WP_Post::get_sku() in C:\OSPanel\domains\beauty-shop\wp-content\themes\your-clean-template-3\header.php:149
Stack trace:
#0 C:\OSPanel\domains\beauty-shop\wp-includes\template.php(688): require_once()
#1 C:\OSPanel\domains\beauty-shop\wp-includes\template.php(647): load_template('C:\\OSPanel\\doma...', true)
#2 C:\OSPanel\domains\beauty-shop\wp-includes\general-template.php(41): locate_template(Array, true)
#3 C:\OSPanel\domains\beauty-shop\wp-content\themes\your-clean-template-3\404.php(7): get_header()
#4 C:\OSPanel\domains\beauty-shop\wp-includes\template-loader.php(74): include('C:\\OSPanel\\doma...')
#5 C:\OSPanel\domains\beauty-shop\wp-blog-header.php(19): require_once('C:\\OSPanel\\doma...')
#6 C:\OSPanel\domains\beauty-shop\index.php(17): require('C:\\OSPanel\\doma...')
#7 {main}
  thrown

2018-08-30T14:11:38+00:00 CRITICAL Uncaught Error: Call to undefined method WP_Post::get_sku() in C:\OSPanel\domains\beauty-shop\wp-content\themes\your-clean-template-3\header.php:149
Stack trace:
#0 C:\OSPanel\domains\beauty-shop\wp-includes\template.php(688): require_once()
#1 C:\OSPanel\domains\beauty-shop\wp-includes\template.php(647): load_template('C:\\OSPanel\\doma...', true)
#2 C:\OSPanel\domains\beauty-shop\wp-includes\general-template.php(41): locate_template(Array, true)
#3 C:\OSPanel\domains\beauty-shop\wp-content\themes\your-clean-template-3\page.php(7): get_header()
#4 C:\OSPanel\domains\beauty-shop\wp-includes\template-loader.php(74): include('C:\\OSPanel\\doma...')
#5 C:\OSPanel\domains\beauty-shop\wp-blog-header.php(19): require_once('C:\\OSPanel\\doma...')
#6 C:\OSPanel\domains\beauty-shop\index.php(17): require('C:\\OSPanel\\doma...')
#7 {main}
  thrown

2018-08-30T14:11:42+00:00 CRITICAL Uncaught Error: Call to undefined method WP_Post::get_sku() in C:\OSPanel\domains\beauty-shop\wp-content\themes\your-clean-template-3\header.php:149
Stack trace:
#0 C:\OSPanel\domains\beauty-shop\wp-includes\template.php(688): require_once()
#1 C:\OSPanel\domains\beauty-shop\wp-includes\template.php(647): load_template('C:\\OSPanel\\doma...', true)
#2 C:\OSPanel\domains\beauty-shop\wp-includes\general-template.php(41): locate_template(Array, true)
#3 C:\OSPanel\domains\beauty-shop\wp-content\themes\your-clean-template-3\404.php(7): get_header()
#4 C:\OSPanel\domains\beauty-shop\wp-includes\template-loader.php(74): include('C:\\OSPanel\\doma...')
#5 C:\OSPanel\domains\beauty-shop\wp-blog-header.php(19): require_once('C:\\OSPanel\\doma...')
#6 C:\OSPanel\domains\beauty-shop\index.php(17): require('C:\\OSPanel\\doma...')
#7 {main}
  thrown

2018-08-30T14:11:42+00:00 CRITICAL Uncaught Error: Call to undefined method WP_Post::get_sku() in C:\OSPanel\domains\beauty-shop\wp-content\themes\your-clean-template-3\header.php:149
Stack trace:
#0 C:\OSPanel\domains\beauty-shop\wp-includes\template.php(688): require_once()
#1 C:\OSPanel\domains\beauty-shop\wp-includes\template.php(647): load_template('C:\\OSPanel\\doma...', true)
#2 C:\OSPanel\domains\beauty-shop\wp-includes\general-template.php(41): locate_template(Array, true)
#3 C:\OSPanel\domains\beauty-shop\wp-content\themes\your-clean-template-3\404.php(7): get_header()
#4 C:\OSPanel\domains\beauty-shop\wp-includes\template-loader.php(74): include('C:\\OSPanel\\doma...')
#5 C:\OSPanel\domains\beauty-shop\wp-blog-header.php(19): require_once('C:\\OSPanel\\doma...')
#6 C:\OSPanel\domains\beauty-shop\index.php(17): require('C:\\OSPanel\\doma...')
#7 {main}
  thrown

2018-08-30T14:11:46+00:00 CRITICAL Uncaught Error: Call to undefined method WP_Post::get_sku() in C:\OSPanel\domains\beauty-shop\wp-content\themes\your-clean-template-3\header.php:149
Stack trace:
#0 C:\OSPanel\domains\beauty-shop\wp-includes\template.php(688): require_once()
#1 C:\OSPanel\domains\beauty-shop\wp-includes\template.php(647): load_template('C:\\OSPanel\\doma...', true)
#2 C:\OSPanel\domains\beauty-shop\wp-includes\general-template.php(41): locate_template(Array, true)
#3 C:\OSPanel\domains\beauty-shop\wp-content\themes\your-clean-template-3\page.php(7): get_header()
#4 C:\OSPanel\domains\beauty-shop\wp-includes\template-loader.php(74): include('C:\\OSPanel\\doma...')
#5 C:\OSPanel\domains\beauty-shop\wp-blog-header.php(19): require_once('C:\\OSPanel\\doma...')
#6 C:\OSPanel\domains\beauty-shop\index.php(17): require('C:\\OSPanel\\doma...')
#7 {main}
  thrown

2018-08-30T14:12:08+00:00 CRITICAL Uncaught Error: Call to undefined method WP_Post::get_sku() in C:\OSPanel\domains\beauty-shop\wp-content\themes\your-clean-template-3\header.php:148
Stack trace:
#0 C:\OSPanel\domains\beauty-shop\wp-includes\template.php(688): require_once()
#1 C:\OSPanel\domains\beauty-shop\wp-includes\template.php(647): load_template('C:\\OSPanel\\doma...', true)
#2 C:\OSPanel\domains\beauty-shop\wp-includes\general-template.php(41): locate_template(Array, true)
#3 C:\OSPanel\domains\beauty-shop\wp-content\themes\your-clean-template-3\page.php(7): get_header()
#4 C:\OSPanel\domains\beauty-shop\wp-includes\template-loader.php(74): include('C:\\OSPanel\\doma...')
#5 C:\OSPanel\domains\beauty-shop\wp-blog-header.php(19): require_once('C:\\OSPanel\\doma...')
#6 C:\OSPanel\domains\beauty-shop\index.php(17): require('C:\\OSPanel\\doma...')
#7 {main}
  thrown

2018-08-30T14:12:12+00:00 CRITICAL Uncaught Error: Call to undefined method WP_Post::get_sku() in C:\OSPanel\domains\beauty-shop\wp-content\themes\your-clean-template-3\header.php:148
Stack trace:
#0 C:\OSPanel\domains\beauty-shop\wp-includes\template.php(688): require_once()
#1 C:\OSPanel\domains\beauty-shop\wp-includes\template.php(647): load_template('C:\\OSPanel\\doma...', true)
#2 C:\OSPanel\domains\beauty-shop\wp-includes\general-template.php(41): locate_template(Array, true)
#3 C:\OSPanel\domains\beauty-shop\wp-content\themes\your-clean-template-3\404.php(7): get_header()
#4 C:\OSPanel\domains\beauty-shop\wp-includes\template-loader.php(74): include('C:\\OSPanel\\doma...')
#5 C:\OSPanel\domains\beauty-shop\wp-blog-header.php(19): require_once('C:\\OSPanel\\doma...')
#6 C:\OSPanel\domains\beauty-shop\index.php(17): require('C:\\OSPanel\\doma...')
#7 {main}
  thrown

2018-08-30T14:12:12+00:00 CRITICAL Uncaught Error: Call to undefined method WP_Post::get_sku() in C:\OSPanel\domains\beauty-shop\wp-content\themes\your-clean-template-3\header.php:148
Stack trace:
#0 C:\OSPanel\domains\beauty-shop\wp-includes\template.php(688): require_once()
#1 C:\OSPanel\domains\beauty-shop\wp-includes\template.php(647): load_template('C:\\OSPanel\\doma...', true)
#2 C:\OSPanel\domains\beauty-shop\wp-includes\general-template.php(41): locate_template(Array, true)
#3 C:\OSPanel\domains\beauty-shop\wp-content\themes\your-clean-template-3\404.php(7): get_header()
#4 C:\OSPanel\domains\beauty-shop\wp-includes\template-loader.php(74): include('C:\\OSPanel\\doma...')
#5 C:\OSPanel\domains\beauty-shop\wp-blog-header.php(19): require_once('C:\\OSPanel\\doma...')
#6 C:\OSPanel\domains\beauty-shop\index.php(17): require('C:\\OSPanel\\doma...')
#7 {main}
  thrown

