2018-09-01T18:12:03+00:00 CRITICAL Uncaught Error: Call to undefined function woocommerce_my_account() in C:\OSPanel\domains\beauty-shop\wp-content\themes\your-clean-template-3\header.php:73
Stack trace:
#0 C:\OSPanel\domains\beauty-shop\wp-includes\template.php(688): require_once()
#1 C:\OSPanel\domains\beauty-shop\wp-includes\template.php(647): load_template('C:\\OSPanel\\doma...', true)
#2 C:\OSPanel\domains\beauty-shop\wp-includes\general-template.php(41): locate_template(Array, true)
#3 C:\OSPanel\domains\beauty-shop\wp-content\themes\your-clean-template-3\single.php(6): get_header()
#4 C:\OSPanel\domains\beauty-shop\wp-includes\template-loader.php(74): include('C:\\OSPanel\\doma...')
#5 C:\OSPanel\domains\beauty-shop\wp-blog-header.php(19): require_once('C:\\OSPanel\\doma...')
#6 C:\OSPanel\domains\beauty-shop\index.php(17): require('C:\\OSPanel\\doma...')
#7 {main}
  thrown

2018-09-01T18:12:07+00:00 CRITICAL Uncaught Error: Call to undefined function woocommerce_my_account() in C:\OSPanel\domains\beauty-shop\wp-content\themes\your-clean-template-3\header.php:73
Stack trace:
#0 C:\OSPanel\domains\beauty-shop\wp-includes\template.php(688): require_once()
#1 C:\OSPanel\domains\beauty-shop\wp-includes\template.php(647): load_template('C:\\OSPanel\\doma...', true)
#2 C:\OSPanel\domains\beauty-shop\wp-includes\general-template.php(41): locate_template(Array, true)
#3 C:\OSPanel\domains\beauty-shop\wp-content\themes\your-clean-template-3\404.php(7): get_header()
#4 C:\OSPanel\domains\beauty-shop\wp-includes\template-loader.php(74): include('C:\\OSPanel\\doma...')
#5 C:\OSPanel\domains\beauty-shop\wp-blog-header.php(19): require_once('C:\\OSPanel\\doma...')
#6 C:\OSPanel\domains\beauty-shop\index.php(17): require('C:\\OSPanel\\doma...')
#7 {main}
  thrown

2018-09-01T18:12:07+00:00 CRITICAL Uncaught Error: Call to undefined function woocommerce_my_account() in C:\OSPanel\domains\beauty-shop\wp-content\themes\your-clean-template-3\header.php:73
Stack trace:
#0 C:\OSPanel\domains\beauty-shop\wp-includes\template.php(688): require_once()
#1 C:\OSPanel\domains\beauty-shop\wp-includes\template.php(647): load_template('C:\\OSPanel\\doma...', true)
#2 C:\OSPanel\domains\beauty-shop\wp-includes\general-template.php(41): locate_template(Array, true)
#3 C:\OSPanel\domains\beauty-shop\wp-content\themes\your-clean-template-3\404.php(7): get_header()
#4 C:\OSPanel\domains\beauty-shop\wp-includes\template-loader.php(74): include('C:\\OSPanel\\doma...')
#5 C:\OSPanel\domains\beauty-shop\wp-blog-header.php(19): require_once('C:\\OSPanel\\doma...')
#6 C:\OSPanel\domains\beauty-shop\index.php(17): require('C:\\OSPanel\\doma...')
#7 {main}
  thrown

2018-09-01T18:12:29+00:00 CRITICAL Uncaught Error: Call to undefined function woocommerce_my_account() in C:\OSPanel\domains\beauty-shop\wp-content\themes\your-clean-template-3\header.php:73
Stack trace:
#0 C:\OSPanel\domains\beauty-shop\wp-includes\template.php(688): require_once()
#1 C:\OSPanel\domains\beauty-shop\wp-includes\template.php(647): load_template('C:\\OSPanel\\doma...', true)
#2 C:\OSPanel\domains\beauty-shop\wp-includes\general-template.php(41): locate_template(Array, true)
#3 C:\OSPanel\domains\beauty-shop\wp-content\themes\your-clean-template-3\single.php(6): get_header()
#4 C:\OSPanel\domains\beauty-shop\wp-includes\template-loader.php(74): include('C:\\OSPanel\\doma...')
#5 C:\OSPanel\domains\beauty-shop\wp-blog-header.php(19): require_once('C:\\OSPanel\\doma...')
#6 C:\OSPanel\domains\beauty-shop\index.php(17): require('C:\\OSPanel\\doma...')
#7 {main}
  thrown

2018-09-01T18:12:32+00:00 CRITICAL Uncaught Error: Call to undefined function woocommerce_my_account() in C:\OSPanel\domains\beauty-shop\wp-content\themes\your-clean-template-3\header.php:73
Stack trace:
#0 C:\OSPanel\domains\beauty-shop\wp-includes\template.php(688): require_once()
#1 C:\OSPanel\domains\beauty-shop\wp-includes\template.php(647): load_template('C:\\OSPanel\\doma...', true)
#2 C:\OSPanel\domains\beauty-shop\wp-includes\general-template.php(41): locate_template(Array, true)
#3 C:\OSPanel\domains\beauty-shop\wp-content\themes\your-clean-template-3\404.php(7): get_header()
#4 C:\OSPanel\domains\beauty-shop\wp-includes\template-loader.php(74): include('C:\\OSPanel\\doma...')
#5 C:\OSPanel\domains\beauty-shop\wp-blog-header.php(19): require_once('C:\\OSPanel\\doma...')
#6 C:\OSPanel\domains\beauty-shop\index.php(17): require('C:\\OSPanel\\doma...')
#7 {main}
  thrown

2018-09-01T18:12:32+00:00 CRITICAL Uncaught Error: Call to undefined function woocommerce_my_account() in C:\OSPanel\domains\beauty-shop\wp-content\themes\your-clean-template-3\header.php:73
Stack trace:
#0 C:\OSPanel\domains\beauty-shop\wp-includes\template.php(688): require_once()
#1 C:\OSPanel\domains\beauty-shop\wp-includes\template.php(647): load_template('C:\\OSPanel\\doma...', true)
#2 C:\OSPanel\domains\beauty-shop\wp-includes\general-template.php(41): locate_template(Array, true)
#3 C:\OSPanel\domains\beauty-shop\wp-content\themes\your-clean-template-3\404.php(7): get_header()
#4 C:\OSPanel\domains\beauty-shop\wp-includes\template-loader.php(74): include('C:\\OSPanel\\doma...')
#5 C:\OSPanel\domains\beauty-shop\wp-blog-header.php(19): require_once('C:\\OSPanel\\doma...')
#6 C:\OSPanel\domains\beauty-shop\index.php(17): require('C:\\OSPanel\\doma...')
#7 {main}
  thrown

2018-09-01T18:12:42+00:00 CRITICAL Uncaught Error: Call to undefined function woocommerce_my_account() in C:\OSPanel\domains\beauty-shop\wp-content\themes\your-clean-template-3\header.php:73
Stack trace:
#0 C:\OSPanel\domains\beauty-shop\wp-includes\template.php(688): require_once()
#1 C:\OSPanel\domains\beauty-shop\wp-includes\template.php(647): load_template('C:\\OSPanel\\doma...', true)
#2 C:\OSPanel\domains\beauty-shop\wp-includes\general-template.php(41): locate_template(Array, true)
#3 C:\OSPanel\domains\beauty-shop\wp-content\themes\your-clean-template-3\single.php(6): get_header()
#4 C:\OSPanel\domains\beauty-shop\wp-includes\template-loader.php(74): include('C:\\OSPanel\\doma...')
#5 C:\OSPanel\domains\beauty-shop\wp-blog-header.php(19): require_once('C:\\OSPanel\\doma...')
#6 C:\OSPanel\domains\beauty-shop\index.php(17): require('C:\\OSPanel\\doma...')
#7 {main}
  thrown

2018-09-01T18:12:46+00:00 CRITICAL Uncaught Error: Call to undefined function woocommerce_my_account() in C:\OSPanel\domains\beauty-shop\wp-content\themes\your-clean-template-3\header.php:73
Stack trace:
#0 C:\OSPanel\domains\beauty-shop\wp-includes\template.php(688): require_once()
#1 C:\OSPanel\domains\beauty-shop\wp-includes\template.php(647): load_template('C:\\OSPanel\\doma...', true)
#2 C:\OSPanel\domains\beauty-shop\wp-includes\general-template.php(41): locate_template(Array, true)
#3 C:\OSPanel\domains\beauty-shop\wp-content\themes\your-clean-template-3\404.php(7): get_header()
#4 C:\OSPanel\domains\beauty-shop\wp-includes\template-loader.php(74): include('C:\\OSPanel\\doma...')
#5 C:\OSPanel\domains\beauty-shop\wp-blog-header.php(19): require_once('C:\\OSPanel\\doma...')
#6 C:\OSPanel\domains\beauty-shop\index.php(17): require('C:\\OSPanel\\doma...')
#7 {main}
  thrown

2018-09-01T18:12:46+00:00 CRITICAL Uncaught Error: Call to undefined function woocommerce_my_account() in C:\OSPanel\domains\beauty-shop\wp-content\themes\your-clean-template-3\header.php:73
Stack trace:
#0 C:\OSPanel\domains\beauty-shop\wp-includes\template.php(688): require_once()
#1 C:\OSPanel\domains\beauty-shop\wp-includes\template.php(647): load_template('C:\\OSPanel\\doma...', true)
#2 C:\OSPanel\domains\beauty-shop\wp-includes\general-template.php(41): locate_template(Array, true)
#3 C:\OSPanel\domains\beauty-shop\wp-content\themes\your-clean-template-3\404.php(7): get_header()
#4 C:\OSPanel\domains\beauty-shop\wp-includes\template-loader.php(74): include('C:\\OSPanel\\doma...')
#5 C:\OSPanel\domains\beauty-shop\wp-blog-header.php(19): require_once('C:\\OSPanel\\doma...')
#6 C:\OSPanel\domains\beauty-shop\index.php(17): require('C:\\OSPanel\\doma...')
#7 {main}
  thrown

