2018-09-04T07:49:23+00:00 CRITICAL Uncaught Error: Call to a member function get_image_id() on null in C:\OSPanel\domains\beauty-shop\wp-content\themes\your-clean-template-3\tpl_main_page.php:629
Stack trace:
#0 C:\OSPanel\domains\beauty-shop\wp-includes\template-loader.php(74): include()
#1 C:\OSPanel\domains\beauty-shop\wp-blog-header.php(19): require_once('C:\\OSPanel\\doma...')
#2 C:\OSPanel\domains\beauty-shop\index.php(17): require('C:\\OSPanel\\doma...')
#3 {main}
  thrown

2018-09-04T07:56:13+00:00 CRITICAL Uncaught Error: Call to undefined method WP_Term::get_image_id() in C:\OSPanel\domains\beauty-shop\wp-content\themes\your-clean-template-3\tpl_main_page.php:629
Stack trace:
#0 C:\OSPanel\domains\beauty-shop\wp-includes\template-loader.php(74): include()
#1 C:\OSPanel\domains\beauty-shop\wp-blog-header.php(19): require_once('C:\\OSPanel\\doma...')
#2 C:\OSPanel\domains\beauty-shop\index.php(17): require('C:\\OSPanel\\doma...')
#3 {main}
  thrown

2018-09-04T07:57:43+00:00 CRITICAL Uncaught Error: Call to undefined method WP_Term::get_image_id() in C:\OSPanel\domains\beauty-shop\wp-content\themes\your-clean-template-3\tpl_main_page.php:629
Stack trace:
#0 C:\OSPanel\domains\beauty-shop\wp-includes\template-loader.php(74): include()
#1 C:\OSPanel\domains\beauty-shop\wp-blog-header.php(19): require_once('C:\\OSPanel\\doma...')
#2 C:\OSPanel\domains\beauty-shop\index.php(17): require('C:\\OSPanel\\doma...')
#3 {main}
  thrown

2018-09-04T07:59:46+00:00 CRITICAL Uncaught Error: Call to undefined method WP_Term::get_image_id() in C:\OSPanel\domains\beauty-shop\wp-content\themes\your-clean-template-3\tpl_main_page.php:629
Stack trace:
#0 C:\OSPanel\domains\beauty-shop\wp-includes\template-loader.php(74): include()
#1 C:\OSPanel\domains\beauty-shop\wp-blog-header.php(19): require_once('C:\\OSPanel\\doma...')
#2 C:\OSPanel\domains\beauty-shop\index.php(17): require('C:\\OSPanel\\doma...')
#3 {main}
  thrown

